# JRE version: OpenJDK Runtime Environment (11.0.8+10) (build 11.0.8+10-b944.6842174)
# Java VM: OpenJDK 64-Bit Server VM (11.0.8+10-b944.6842174, mixed mode, tiered, compressed oops, g1 gc, windows-amd64)
Heap:
 garbage-first heap   total 393216K, used 273672K [0x0000000080000000, 0x0000000100000000)
  region size 1024K, 129 young (132096K), 16 survivors (16384K)
 Metaspace       used 133606K, capacity 137789K, committed 138224K, reserved 1169408K
  class space    used 15979K, capacity 17326K, committed 17560K, reserved 1048576K
GC Heap History (20 events):
Event: 1222.912 GC heap before
{Heap before GC invocations=26 (full 0):
 garbage-first heap   total 393216K, used 329126K [0x0000000080000000, 0x0000000100000000)
  region size 1024K, 181 young (185344K), 6 survivors (6144K)
 Metaspace       used 120438K, capacity 124452K, committed 124528K, reserved 1159168K
  class space    used 14575K, capacity 15895K, committed 15896K, reserved 1048576K
}
Event: 1222.915 GC heap after
{Heap after GC invocations=27 (full 0):
 garbage-first heap   total 393216K, used 142979K [0x0000000080000000, 0x0000000100000000)
  region size 1024K, 3 young (3072K), 3 survivors (3072K)
 Metaspace       used 120438K, capacity 124452K, committed 124528K, reserved 1159168K
  class space    used 14575K, capacity 15895K, committed 15896K, reserved 1048576K
}
Event: 2204.949 GC heap before
{Heap before GC invocations=27 (full 0):
 garbage-first heap   total 393216K, used 355971K [0x0000000080000000, 0x0000000100000000)
  region size 1024K, 187 young (191488K), 3 survivors (3072K)
 Metaspace       used 123049K, capacity 127319K, committed 127600K, reserved 1161216K
  class space    used 14889K, capacity 16320K, committed 16408K, reserved 1048576K
}
Event: 2204.960 GC heap after
{Heap after GC invocations=28 (full 0):
 garbage-first heap   total 393216K, used 150818K [0x0000000080000000, 0x0000000100000000)
  region size 1024K, 11 young (11264K), 11 survivors (11264K)
 Metaspace       used 123049K, capacity 127319K, committed 127600K, reserved 1161216K
  class space    used 14889K, capacity 16320K, committed 16408K, reserved 1048576K
}
Event: 2207.620 GC heap before
{Heap before GC invocations=28 (full 0):
 garbage-first heap   total 393216K, used 340258K [0x0000000080000000, 0x0000000100000000)
  region size 1024K, 185 young (189440K), 11 survivors (11264K)
 Metaspace       used 128860K, capacity 133136K, committed 133360K, reserved 1165312K
  class space    used 15519K, capacity 16976K, committed 17048K, reserved 1048576K
}
Event: 2207.639 GC heap after
{Heap after GC invocations=29 (full 0):
 garbage-first heap   total 393216K, used 176516K [0x0000000080000000, 0x0000000100000000)
  region size 1024K, 24 young (24576K), 24 survivors (24576K)
 Metaspace       used 128860K, capacity 133136K, committed 133360K, reserved 1165312K
  class space    used 15519K, capacity 16976K, committed 17048K, reserved 1048576K
}
Event: 2209.906 GC heap before
{Heap before GC invocations=29 (full 0):
 garbage-first heap   total 393216K, used 332164K [0x0000000080000000, 0x0000000100000000)
  region size 1024K, 162 young (165888K), 24 survivors (24576K)
 Metaspace       used 130051K, capacity 134514K, committed 134768K, reserved 1167360K
  class space    used 15660K, capacity 17163K, committed 17176K, reserved 1048576K
}
Event: 2209.923 GC heap after
{Heap after GC invocations=30 (full 0):
 garbage-first heap   total 393216K, used 187661K [0x0000000080000000, 0x0000000100000000)
  region size 1024K, 12 young (12288K), 12 survivors (12288K)
 Metaspace       used 130051K, capacity 134514K, committed 134768K, reserved 1167360K
  class space    used 15660K, capacity 17163K, committed 17176K, reserved 1048576K
}
Event: 2212.812 GC heap before
{Heap before GC invocations=30 (full 0):
 garbage-first heap   total 393216K, used 318733K [0x0000000080000000, 0x0000000100000000)
  region size 1024K, 141 young (144384K), 12 survivors (12288K)
 Metaspace       used 130710K, capacity 135164K, committed 135408K, reserved 1167360K
  class space    used 15716K, capacity 17226K, committed 17304K, reserved 1048576K
}
Event: 2212.821 GC heap after
{Heap after GC invocations=31 (full 0):
 garbage-first heap   total 393216K, used 188334K [0x0000000080000000, 0x0000000100000000)
  region size 1024K, 9 young (9216K), 9 survivors (9216K)
 Metaspace       used 130710K, capacity 135164K, committed 135408K, reserved 1167360K
  class space    used 15716K, capacity 17226K, committed 17304K, reserved 1048576K
}
Event: 2213.546 GC heap before
{Heap before GC invocations=31 (full 0):
 garbage-first heap   total 393216K, used 321454K [0x0000000080000000, 0x0000000100000000)
  region size 1024K, 140 young (143360K), 9 survivors (9216K)
 Metaspace       used 130887K, capacity 135295K, committed 135408K, reserved 1167360K
  class space    used 15731K, capacity 17227K, committed 17304K, reserved 1048576K
}
Event: 2213.553 GC heap after
{Heap after GC invocations=32 (full 0):
 garbage-first heap   total 393216K, used 187769K [0x0000000080000000, 0x0000000100000000)
  region size 1024K, 9 young (9216K), 9 survivors (9216K)
 Metaspace       used 130887K, capacity 135295K, committed 135408K, reserved 1167360K
  class space    used 15731K, capacity 17227K, committed 17304K, reserved 1048576K
}
Event: 2268.641 GC heap before
{Heap before GC invocations=33 (full 0):
 garbage-first heap   total 393216K, used 304505K [0x0000000080000000, 0x0000000100000000)
  region size 1024K, 143 young (146432K), 9 survivors (9216K)
 Metaspace       used 132605K, capacity 136677K, committed 137584K, reserved 1169408K
  class space    used 15825K, capacity 17127K, committed 17432K, reserved 1048576K
}
Event: 2268.652 GC heap after
{Heap after GC invocations=34 (full 0):
 garbage-first heap   total 393216K, used 172350K [0x0000000080000000, 0x0000000100000000)
  region size 1024K, 13 young (13312K), 13 survivors (13312K)
 Metaspace       used 132605K, capacity 136677K, committed 137584K, reserved 1169408K
  class space    used 15825K, capacity 17127K, committed 17432K, reserved 1048576K
}
Event: 2268.712 GC heap before
{Heap before GC invocations=34 (full 0):
 garbage-first heap   total 393216K, used 177470K [0x0000000080000000, 0x0000000100000000)
  region size 1024K, 19 young (19456K), 13 survivors (13312K)
 Metaspace       used 132621K, capacity 136686K, committed 137584K, reserved 1169408K
  class space    used 15827K, capacity 17129K, committed 17432K, reserved 1048576K
}
Event: 2268.732 GC heap after
{Heap after GC invocations=35 (full 0):
 garbage-first heap   total 393216K, used 144243K [0x0000000080000000, 0x0000000100000000)
  region size 1024K, 3 young (3072K), 3 survivors (3072K)
 Metaspace       used 132621K, capacity 136686K, committed 137584K, reserved 1169408K
  class space    used 15827K, capacity 17129K, committed 17432K, reserved 1048576K
}
Event: 2273.683 GC heap before
{Heap before GC invocations=35 (full 0):
 garbage-first heap   total 393216K, used 310131K [0x0000000080000000, 0x0000000100000000)
  region size 1024K, 166 young (169984K), 3 survivors (3072K)
 Metaspace       used 133095K, capacity 137293K, committed 137840K, reserved 1169408K
  class space    used 15899K, capacity 17246K, committed 17432K, reserved 1048576K
}
Event: 2273.696 GC heap after
{Heap after GC invocations=36 (full 0):
 garbage-first heap   total 393216K, used 151499K [0x0000000080000000, 0x0000000100000000)
  region size 1024K, 11 young (11264K), 11 survivors (11264K)
 Metaspace       used 133095K, capacity 137293K, committed 137840K, reserved 1169408K
  class space    used 15899K, capacity 17246K, committed 17432K, reserved 1048576K
}
Event: 2274.665 GC heap before
{Heap before GC invocations=36 (full 0):
 garbage-first heap   total 393216K, used 314315K [0x0000000080000000, 0x0000000100000000)
  region size 1024K, 171 young (175104K), 11 survivors (11264K)
 Metaspace       used 133604K, capacity 137789K, committed 138224K, reserved 1169408K
  class space    used 15978K, capacity 17326K, committed 17560K, reserved 1048576K
}
Event: 2274.677 GC heap after
{Heap after GC invocations=37 (full 0):
 garbage-first heap   total 393216K, used 156936K [0x0000000080000000, 0x0000000100000000)
  region size 1024K, 16 young (16384K), 16 survivors (16384K)
 Metaspace       used 133604K, capacity 137789K, committed 138224K, reserved 1169408K
  class space    used 15978K, capacity 17326K, committed 17560K, reserved 1048576K
}

