# JRE version: OpenJDK Runtime Environment (11.0.8+10) (build 11.0.8+10-b944.6842174)
# Java VM: OpenJDK 64-Bit Server VM (11.0.8+10-b944.6842174, mixed mode, tiered, compressed oops, g1 gc, windows-amd64)
Heap:
 garbage-first heap   total 393216K, used 279804K [0x0000000080000000, 0x0000000100000000)
  region size 1024K, 175 young (179200K), 3 survivors (3072K)
 Metaspace       used 114564K, capacity 117110K, committed 117256K, reserved 1150976K
  class space    used 14197K, capacity 15153K, committed 15268K, reserved 1048576K
GC Heap History (20 events):
Event: 2.418 GC heap before
{Heap before GC invocations=1 (full 0):
 garbage-first heap   total 393216K, used 94469K [0x0000000080000000, 0x0000000100000000)
  region size 1024K, 89 young (91136K), 3 survivors (3072K)
 Metaspace       used 20643K, capacity 21109K, committed 21248K, reserved 1067008K
  class space    used 2532K, capacity 2710K, committed 2816K, reserved 1048576K
}
Event: 2.426 GC heap after
{Heap after GC invocations=2 (full 0):
 garbage-first heap   total 393216K, used 16276K [0x0000000080000000, 0x0000000100000000)
  region size 1024K, 11 young (11264K), 11 survivors (11264K)
 Metaspace       used 20643K, capacity 21109K, committed 21248K, reserved 1067008K
  class space    used 2532K, capacity 2710K, committed 2816K, reserved 1048576K
}
Event: 3.045 GC heap before
{Heap before GC invocations=3 (full 0):
 garbage-first heap   total 393216K, used 74644K [0x0000000080000000, 0x0000000100000000)
  region size 1024K, 69 young (70656K), 11 survivors (11264K)
 Metaspace       used 26982K, capacity 27647K, committed 27904K, reserved 1073152K
  class space    used 3550K, capacity 3788K, committed 3840K, reserved 1048576K
}
Event: 3.053 GC heap after
{Heap after GC invocations=4 (full 0):
 garbage-first heap   total 393216K, used 18398K [0x0000000080000000, 0x0000000100000000)
  region size 1024K, 3 young (3072K), 3 survivors (3072K)
 Metaspace       used 26982K, capacity 27647K, committed 27904K, reserved 1073152K
  class space    used 3550K, capacity 3788K, committed 3840K, reserved 1048576K
}
Event: 3.672 GC heap before
{Heap before GC invocations=4 (full 0):
 garbage-first heap   total 393216K, used 57310K [0x0000000080000000, 0x0000000100000000)
  region size 1024K, 43 young (44032K), 3 survivors (3072K)
 Metaspace       used 35119K, capacity 35773K, committed 35840K, reserved 1081344K
  class space    used 4567K, capacity 4856K, committed 4864K, reserved 1048576K
}
Event: 3.683 GC heap after
{Heap after GC invocations=5 (full 0):
 garbage-first heap   total 393216K, used 21239K [0x0000000080000000, 0x0000000100000000)
  region size 1024K, 6 young (6144K), 6 survivors (6144K)
 Metaspace       used 35119K, capacity 35773K, committed 35840K, reserved 1081344K
  class space    used 4567K, capacity 4856K, committed 4864K, reserved 1048576K
}
Event: 4.918 GC heap before
{Heap before GC invocations=6 (full 0):
 garbage-first heap   total 393216K, used 127735K [0x0000000080000000, 0x0000000100000000)
  region size 1024K, 107 young (109568K), 6 survivors (6144K)
 Metaspace       used 44216K, capacity 45248K, committed 45568K, reserved 1089536K
  class space    used 5686K, capacity 6073K, committed 6144K, reserved 1048576K
}
Event: 4.926 GC heap after
{Heap after GC invocations=7 (full 0):
 garbage-first heap   total 393216K, used 26709K [0x0000000080000000, 0x0000000100000000)
  region size 1024K, 11 young (11264K), 11 survivors (11264K)
 Metaspace       used 44216K, capacity 45248K, committed 45568K, reserved 1089536K
  class space    used 5686K, capacity 6073K, committed 6144K, reserved 1048576K
}
Event: 6.889 GC heap before
{Heap before GC invocations=7 (full 0):
 garbage-first heap   total 393216K, used 208981K [0x0000000080000000, 0x0000000100000000)
  region size 1024K, 184 young (188416K), 11 survivors (11264K)
 Metaspace       used 58612K, capacity 60070K, committed 60160K, reserved 1101824K
  class space    used 7449K, capacity 7974K, committed 8064K, reserved 1048576K
}
Event: 6.924 GC heap after
{Heap after GC invocations=8 (full 0):
 garbage-first heap   total 393216K, used 48494K [0x0000000080000000, 0x0000000100000000)
  region size 1024K, 26 young (26624K), 26 survivors (26624K)
 Metaspace       used 58612K, capacity 60070K, committed 60160K, reserved 1101824K
  class space    used 7449K, capacity 7974K, committed 8064K, reserved 1048576K
}
Event: 9.330 GC heap before
{Heap before GC invocations=9 (full 0):
 garbage-first heap   total 393216K, used 279918K [0x0000000080000000, 0x0000000100000000)
  region size 1024K, 228 young (233472K), 26 survivors (26624K)
 Metaspace       used 75673K, capacity 77323K, committed 77568K, reserved 1116160K
  class space    used 9879K, capacity 10470K, committed 10496K, reserved 1048576K
}
Event: 9.357 GC heap after
{Heap after GC invocations=10 (full 0):
 garbage-first heap   total 393216K, used 58954K [0x0000000080000000, 0x0000000100000000)
  region size 1024K, 26 young (26624K), 26 survivors (26624K)
 Metaspace       used 75673K, capacity 77323K, committed 77568K, reserved 1116160K
  class space    used 9879K, capacity 10470K, committed 10496K, reserved 1048576K
}
Event: 11.798 GC heap before
{Heap before GC invocations=10 (full 0):
 garbage-first heap   total 393216K, used 284234K [0x0000000080000000, 0x0000000100000000)
  region size 1024K, 230 young (235520K), 26 survivors (26624K)
 Metaspace       used 85977K, capacity 88010K, committed 88192K, reserved 1126400K
  class space    used 11046K, capacity 11781K, committed 11904K, reserved 1048576K
}
Event: 11.822 GC heap after
{Heap after GC invocations=11 (full 0):
 garbage-first heap   total 393216K, used 70656K [0x0000000080000000, 0x0000000100000000)
  region size 1024K, 22 young (22528K), 22 survivors (22528K)
 Metaspace       used 85977K, capacity 88010K, committed 88192K, reserved 1126400K
  class space    used 11046K, capacity 11781K, committed 11904K, reserved 1048576K
}
Event: 13.443 GC heap before
{Heap before GC invocations=11 (full 0):
 garbage-first heap   total 393216K, used 282624K [0x0000000080000000, 0x0000000100000000)
  region size 1024K, 230 young (235520K), 22 survivors (22528K)
 Metaspace       used 91561K, capacity 93651K, committed 93952K, reserved 1130496K
  class space    used 11695K, capacity 12476K, committed 12544K, reserved 1048576K
}
Event: 13.463 GC heap after
{Heap after GC invocations=12 (full 0):
 garbage-first heap   total 393216K, used 81872K [0x0000000080000000, 0x0000000100000000)
  region size 1024K, 22 young (22528K), 22 survivors (22528K)
 Metaspace       used 91561K, capacity 93651K, committed 93952K, reserved 1130496K
  class space    used 11695K, capacity 12476K, committed 12544K, reserved 1048576K
}
Event: 17.378 GC heap before
{Heap before GC invocations=12 (full 0):
 garbage-first heap   total 393216K, used 295888K [0x0000000080000000, 0x0000000100000000)
  region size 1024K, 230 young (235520K), 22 survivors (22528K)
 Metaspace       used 97954K, capacity 100343K, committed 100352K, reserved 1136640K
  class space    used 12462K, capacity 13306K, committed 13312K, reserved 1048576K
}
Event: 17.402 GC heap after
{Heap after GC invocations=13 (full 0):
 garbage-first heap   total 393216K, used 97025K [0x0000000080000000, 0x0000000100000000)
  region size 1024K, 26 young (26624K), 26 survivors (26624K)
 Metaspace       used 97954K, capacity 100343K, committed 100352K, reserved 1136640K
  class space    used 12462K, capacity 13306K, committed 13312K, reserved 1048576K
}
Event: 17.572 GC heap before
{Heap before GC invocations=13 (full 0):
 garbage-first heap   total 393216K, used 113409K [0x0000000080000000, 0x0000000100000000)
  region size 1024K, 41 young (41984K), 26 survivors (26624K)
 Metaspace       used 98137K, capacity 100605K, committed 100696K, reserved 1136640K
  class space    used 12483K, capacity 13349K, committed 13400K, reserved 1048576K
}
Event: 17.594 GC heap after
{Heap after GC invocations=14 (full 0):
 garbage-first heap   total 393216K, used 95484K [0x0000000080000000, 0x0000000100000000)
  region size 1024K, 3 young (3072K), 3 survivors (3072K)
 Metaspace       used 98137K, capacity 100605K, committed 100696K, reserved 1136640K
  class space    used 12483K, capacity 13349K, committed 13400K, reserved 1048576K
}

