# JRE version: OpenJDK Runtime Environment (11.0.8+10) (build 11.0.8+10-b944.6842174)
# Java VM: OpenJDK 64-Bit Server VM (11.0.8+10-b944.6842174, mixed mode, tiered, compressed oops, g1 gc, windows-amd64)
Heap:
 garbage-first heap   total 393216K, used 268970K [0x0000000080000000, 0x0000000100000000)
  region size 1024K, 131 young (134144K), 14 survivors (14336K)
 Metaspace       used 137212K, capacity 140931K, committed 141112K, reserved 1171456K
  class space    used 17311K, capacity 18554K, committed 18636K, reserved 1048576K
GC Heap History (20 events):
Event: 10.773 GC heap before
{Heap before GC invocations=10 (full 0):
 garbage-first heap   total 393216K, used 268717K [0x0000000080000000, 0x0000000100000000)
  region size 1024K, 230 young (235520K), 29 survivors (29696K)
 Metaspace       used 81691K, capacity 83885K, committed 84044K, reserved 1122304K
  class space    used 10496K, capacity 11300K, committed 11392K, reserved 1048576K
}
Event: 10.796 GC heap after
{Heap after GC invocations=11 (full 0):
 garbage-first heap   total 393216K, used 77179K [0x0000000080000000, 0x0000000100000000)
  region size 1024K, 29 young (29696K), 29 survivors (29696K)
 Metaspace       used 81691K, capacity 83885K, committed 84044K, reserved 1122304K
  class space    used 10496K, capacity 11300K, committed 11392K, reserved 1048576K
}
Event: 19.560 GC heap before
{Heap before GC invocations=11 (full 0):
 garbage-first heap   total 393216K, used 281979K [0x0000000080000000, 0x0000000100000000)
  region size 1024K, 230 young (235520K), 29 survivors (29696K)
 Metaspace       used 87484K, capacity 89947K, committed 90188K, reserved 1128448K
  class space    used 11247K, capacity 12141K, committed 12160K, reserved 1048576K
}
Event: 19.581 GC heap after
{Heap after GC invocations=12 (full 0):
 garbage-first heap   total 393216K, used 78760K [0x0000000080000000, 0x0000000100000000)
  region size 1024K, 16 young (16384K), 16 survivors (16384K)
 Metaspace       used 87484K, capacity 89947K, committed 90188K, reserved 1128448K
  class space    used 11247K, capacity 12141K, committed 12160K, reserved 1048576K
}
Event: 20.491 GC heap before
{Heap before GC invocations=12 (full 0):
 garbage-first heap   total 393216K, used 297896K [0x0000000080000000, 0x0000000100000000)
  region size 1024K, 230 young (235520K), 16 survivors (16384K)
 Metaspace       used 87511K, capacity 89949K, committed 90188K, reserved 1128448K
  class space    used 11248K, capacity 12142K, committed 12160K, reserved 1048576K
}
Event: 20.501 GC heap after
{Heap after GC invocations=13 (full 0):
 garbage-first heap   total 393216K, used 77641K [0x0000000080000000, 0x0000000100000000)
  region size 1024K, 15 young (15360K), 15 survivors (15360K)
 Metaspace       used 87511K, capacity 89949K, committed 90188K, reserved 1128448K
  class space    used 11248K, capacity 12142K, committed 12160K, reserved 1048576K
}
Event: 21.491 GC heap before
{Heap before GC invocations=13 (full 0):
 garbage-first heap   total 393216K, used 299849K [0x0000000080000000, 0x0000000100000000)
  region size 1024K, 230 young (235520K), 15 survivors (15360K)
 Metaspace       used 87530K, capacity 89952K, committed 90188K, reserved 1128448K
  class space    used 11250K, capacity 12143K, committed 12160K, reserved 1048576K
}
Event: 21.502 GC heap after
{Heap after GC invocations=14 (full 0):
 garbage-first heap   total 393216K, used 84081K [0x0000000080000000, 0x0000000100000000)
  region size 1024K, 21 young (21504K), 21 survivors (21504K)
 Metaspace       used 87530K, capacity 89952K, committed 90188K, reserved 1128448K
  class space    used 11250K, capacity 12143K, committed 12160K, reserved 1048576K
}
Event: 142.195 GC heap before
{Heap before GC invocations=14 (full 0):
 garbage-first heap   total 393216K, used 318577K [0x0000000080000000, 0x0000000100000000)
  region size 1024K, 230 young (235520K), 21 survivors (21504K)
 Metaspace       used 96294K, capacity 99212K, committed 99276K, reserved 1136640K
  class space    used 12096K, capacity 13056K, committed 13056K, reserved 1048576K
}
Event: 142.211 GC heap after
{Heap after GC invocations=15 (full 0):
 garbage-first heap   total 393216K, used 110209K [0x0000000080000000, 0x0000000100000000)
  region size 1024K, 20 young (20480K), 20 survivors (20480K)
 Metaspace       used 96294K, capacity 99212K, committed 99276K, reserved 1136640K
  class space    used 12096K, capacity 13056K, committed 13056K, reserved 1048576K
}
Event: 142.373 GC heap before
{Heap before GC invocations=15 (full 0):
 garbage-first heap   total 393216K, used 122497K [0x0000000080000000, 0x0000000100000000)
  region size 1024K, 33 young (33792K), 20 survivors (20480K)
 Metaspace       used 97778K, capacity 100729K, committed 100812K, reserved 1136640K
  class space    used 12275K, capacity 13241K, committed 13312K, reserved 1048576K
}
Event: 142.388 GC heap after
{Heap after GC invocations=16 (full 0):
 garbage-first heap   total 393216K, used 110295K [0x0000000080000000, 0x0000000100000000)
  region size 1024K, 15 young (15360K), 15 survivors (15360K)
 Metaspace       used 97778K, capacity 100729K, committed 100812K, reserved 1136640K
  class space    used 12275K, capacity 13241K, committed 13312K, reserved 1048576K
}
Event: 144.853 GC heap before
{Heap before GC invocations=17 (full 0):
 garbage-first heap   total 393216K, used 322263K [0x0000000080000000, 0x0000000100000000)
  region size 1024K, 222 young (227328K), 15 survivors (15360K)
 Metaspace       used 117007K, capacity 120190K, committed 120248K, reserved 1153024K
  class space    used 14806K, capacity 15895K, committed 15948K, reserved 1048576K
}
Event: 144.876 GC heap after
{Heap after GC invocations=18 (full 0):
 garbage-first heap   total 393216K, used 121820K [0x0000000080000000, 0x0000000100000000)
  region size 1024K, 26 young (26624K), 26 survivors (26624K)
 Metaspace       used 117007K, capacity 120190K, committed 120248K, reserved 1153024K
  class space    used 14806K, capacity 15895K, committed 15948K, reserved 1048576K
}
Event: 147.814 GC heap before
{Heap before GC invocations=19 (full 0):
 garbage-first heap   total 393216K, used 320476K [0x0000000080000000, 0x0000000100000000)
  region size 1024K, 221 young (226304K), 26 survivors (26624K)
 Metaspace       used 131983K, capacity 135439K, committed 135608K, reserved 1167360K
  class space    used 16771K, capacity 17948K, committed 17996K, reserved 1048576K
}
Event: 147.847 GC heap after
{Heap after GC invocations=20 (full 0):
 garbage-first heap   total 393216K, used 136394K [0x0000000080000000, 0x0000000100000000)
  region size 1024K, 28 young (28672K), 28 survivors (28672K)
 Metaspace       used 131983K, capacity 135439K, committed 135608K, reserved 1167360K
  class space    used 16771K, capacity 17948K, committed 17996K, reserved 1048576K
}
Event: 150.090 GC heap before
{Heap before GC invocations=20 (full 0):
 garbage-first heap   total 393216K, used 317642K [0x0000000080000000, 0x0000000100000000)
  region size 1024K, 206 young (210944K), 28 survivors (28672K)
 Metaspace       used 136467K, capacity 140160K, committed 140216K, reserved 1171456K
  class space    used 17245K, capacity 18470K, committed 18508K, reserved 1048576K
}
Event: 150.112 GC heap after
{Heap after GC invocations=21 (full 0):
 garbage-first heap   total 393216K, used 144158K [0x0000000080000000, 0x0000000100000000)
  region size 1024K, 10 young (10240K), 10 survivors (10240K)
 Metaspace       used 136467K, capacity 140160K, committed 140216K, reserved 1171456K
  class space    used 17245K, capacity 18470K, committed 18508K, reserved 1048576K
}
Event: 152.194 GC heap before
{Heap before GC invocations=21 (full 0):
 garbage-first heap   total 393216K, used 323358K [0x0000000080000000, 0x0000000100000000)
  region size 1024K, 184 young (188416K), 10 survivors (10240K)
 Metaspace       used 137190K, capacity 140931K, committed 141112K, reserved 1171456K
  class space    used 17309K, capacity 18554K, committed 18636K, reserved 1048576K
}
Event: 152.207 GC heap after
{Heap after GC invocations=22 (full 0):
 garbage-first heap   total 393216K, used 150186K [0x0000000080000000, 0x0000000100000000)
  region size 1024K, 14 young (14336K), 14 survivors (14336K)
 Metaspace       used 137190K, capacity 140931K, committed 141112K, reserved 1171456K
  class space    used 17309K, capacity 18554K, committed 18636K, reserved 1048576K
}

